Running 2m test @ http://127.0.0.1:8082
  120 threads and 120 connections
  Thread Stats   Avg      Stdev     Max   +/- Stdev
    Latency   647.43us  755.47us  38.43ms   99.88%
    Req/Sec       -nan      -nan   0.00      0.00%
  Latency Distribution (HdrHistogram - Recorded Latency)
 50.000%  627.00us
 75.000%    0.88ms
 90.000%    1.03ms
 99.000%    1.12ms
 99.900%    6.15ms
 99.990%   32.72ms
 99.999%   37.38ms
100.000%   38.46ms

  Detailed Percentile spectrum:
       Value   Percentile   TotalCount 1/(1-Percentile)

       0.049     0.000000            1         1.00
       0.226     0.100000        20056         1.11
       0.327     0.200000        40249         1.25
       0.427     0.300000        60170         1.43
       0.527     0.400000        80267         1.67
       0.627     0.500000       100196         2.00
       0.677     0.550000       110265         2.22
       0.728     0.600000       120281         2.50
       0.777     0.650000       130252         2.86
       0.828     0.700000       140333         3.33
       0.878     0.750000       150281         4.00
       0.903     0.775000       155355         4.44
       0.927     0.800000       160268         5.00
       0.952     0.825000       165286         5.71
       0.978     0.850000       170357         6.67
       1.003     0.875000       175333         8.00
       1.016     0.887500       177943         8.89
       1.028     0.900000       180304        10.00
       1.040     0.912500       182807        11.43
       1.053     0.925000       185424        13.33
       1.065     0.937500       187920        16.00
       1.071     0.943750       189100        17.78
       1.077     0.950000       190288        20.00
       1.084     0.956250       191630        22.86
       1.090     0.962500       192816        26.67
       1.097     0.968750       194206        32.00
       1.100     0.971875       194735        35.56
       1.103     0.975000       195272        40.00
       1.107     0.978125       196011        45.71
       1.110     0.981250       196540        53.33
       1.114     0.984375       197152        64.00
       1.117     0.985938       197562        71.11
       1.119     0.987500       197797        80.00
       1.122     0.989062       198138        91.43
       1.125     0.990625       198431       106.67
       1.129     0.992188       198797       128.00
       1.130     0.992969       198902       142.22
       1.132     0.993750       199050       160.00
       1.134     0.994531       199192       182.86
       1.137     0.995313       199355       213.33
       1.141     0.996094       199519       256.00
       1.143     0.996484       199586       284.44
       1.145     0.996875       199669       320.00
       1.148     0.997266       199751       365.71
       1.151     0.997656       199816       426.67
       1.156     0.998047       199891       512.00
       1.159     0.998242       199938       568.89
       1.162     0.998437       199970       640.00
       1.168     0.998633       200004       731.43
       1.208     0.998828       200043       853.33
       7.067     0.999023       200082      1024.00
       9.727     0.999121       200101      1137.78
      12.527     0.999219       200121      1280.00
      15.479     0.999316       200141      1462.86
      18.383     0.999414       200160      1706.67
      21.151     0.999512       200180      2048.00
      22.415     0.999561       200189      2275.56
      23.935     0.999609       200199      2560.00
      25.487     0.999658       200209      2925.71
      26.831     0.999707       200219      3413.33
      28.383     0.999756       200229      4096.00
      28.879     0.999780       200233      4551.11
      29.599     0.999805       200238      5120.00
      30.447     0.999829       200243      5851.43
      30.943     0.999854       200248      6826.67
      31.679     0.999878       200253      8192.00
      32.191     0.999890       200255      9102.22
      32.719     0.999902       200258     10240.00
      33.215     0.999915       200261     11702.86
      33.759     0.999927       200263     13653.33
      33.951     0.999939       200265     16384.00
      34.303     0.999945       200266     18204.44
      35.007     0.999951       200268     20480.00
      35.039     0.999957       200269     23405.71
      35.519     0.999963       200270     27306.67
      35.615     0.999969       200271     32768.00
      36.095     0.999973       200272     36408.89
      36.159     0.999976       200273     40960.00
      36.159     0.999979       200273     46811.43
      36.639     0.999982       200274     54613.33
      36.639     0.999985       200274     65536.00
      37.375     0.999986       200275     72817.78
      37.375     0.999988       200275     81920.00
      37.375     0.999989       200275     93622.86
      37.951     0.999991       200276    109226.67
      37.951     0.999992       200276    131072.00
      37.951     0.999993       200276    145635.56
      37.951     0.999994       200276    163840.00
      37.951     0.999995       200276    187245.71
      38.463     0.999995       200277    218453.33
      38.463     1.000000       200277          inf
#[Mean    =        0.647, StdDeviation   =        0.755]
#[Max     =       38.432, Total count    =       200277]
#[Buckets =           27, SubBuckets     =         2048]
----------------------------------------------------------
  200277 requests in 4.01s, 15.66MB read
  Non-2xx or 3xx responses: 200277
Requests/sec:  49994.98
Transfer/sec:      3.91MB
