Running 30s test @ http://127.0.0.1:8082
  120 threads and 120 connections
  Thread Stats   Avg      Stdev     Max   +/- Stdev
    Latency   625.06us  289.48us   1.20ms   58.05%
    Req/Sec       -nan      -nan   0.00      0.00%
  Latency Distribution (HdrHistogram - Recorded Latency)
 50.000%  625.00us
 75.000%    0.88ms
 90.000%    1.03ms
 99.000%    1.12ms
 99.900%    1.15ms
 99.990%    1.17ms
 99.999%    1.20ms
100.000%    1.20ms

  Detailed Percentile spectrum:
       Value   Percentile   TotalCount 1/(1-Percentile)

       0.070     0.000000            1         1.00
       0.225     0.100000        10096         1.11
       0.325     0.200000        20136         1.25
       0.425     0.300000        30100         1.43
       0.525     0.400000        40128         1.67
       0.625     0.500000        50195         2.00
       0.675     0.550000        55192         2.22
       0.725     0.600000        60157         2.50
       0.775     0.650000        65207         2.86
       0.825     0.700000        70209         3.33
       0.876     0.750000        75269         4.00
       0.900     0.775000        77733         4.44
       0.925     0.800000        80257         5.00
       0.950     0.825000        82728         5.71
       0.976     0.850000        85302         6.67
       1.001     0.875000        87817         8.00
       1.013     0.887500        89038         8.89
       1.026     0.900000        90326        10.00
       1.038     0.912500        91535        11.43
       1.050     0.925000        92757        13.33
       1.063     0.937500        94059        16.00
       1.069     0.943750        94688        17.78
       1.075     0.950000        95291        20.00
       1.081     0.956250        95905        22.86
       1.088     0.962500        96570        26.67
       1.094     0.968750        97170        32.00
       1.097     0.971875        97464        35.56
       1.101     0.975000        97821        40.00
       1.104     0.978125        98107        45.71
       1.107     0.981250        98378        53.33
       1.111     0.984375        98704        64.00
       1.113     0.985938        98868        71.11
       1.115     0.987500        99016        80.00
       1.118     0.989062        99212        91.43
       1.120     0.990625        99319       106.67
       1.123     0.992188        99472       128.00
       1.125     0.992969        99562       142.22
       1.127     0.993750        99647       160.00
       1.129     0.994531        99712       182.86
       1.131     0.995313        99808       213.33
       1.134     0.996094        99872       256.00
       1.135     0.996484        99904       284.44
       1.137     0.996875        99964       320.00
       1.138     0.997266        99989       365.71
       1.140     0.997656       100036       426.67
       1.142     0.998047       100070       512.00
       1.143     0.998242       100086       568.89
       1.144     0.998437       100095       640.00
       1.146     0.998633       100122       731.43
       1.147     0.998828       100135       853.33
       1.149     0.999023       100158      1024.00
       1.150     0.999121       100170      1137.78
       1.151     0.999219       100175      1280.00
       1.153     0.999316       100188      1462.86
       1.154     0.999414       100197      1706.67
       1.156     0.999512       100206      2048.00
       1.157     0.999561       100212      2275.56
       1.157     0.999609       100212      2560.00
       1.159     0.999658       100217      2925.71
       1.162     0.999707       100222      3413.33
       1.165     0.999756       100229      4096.00
       1.165     0.999780       100229      4551.11
       1.168     0.999805       100233      5120.00
       1.169     0.999829       100235      5851.43
       1.170     0.999854       100237      6826.67
       1.172     0.999878       100239      8192.00
       1.173     0.999890       100241      9102.22
       1.174     0.999902       100243     10240.00
       1.174     0.999915       100243     11702.86
       1.176     0.999927       100246     13653.33
       1.176     0.999939       100246     16384.00
       1.176     0.999945       100246     18204.44
       1.180     0.999951       100247     20480.00
       1.180     0.999957       100247     23405.71
       1.188     0.999963       100249     27306.67
       1.188     0.999969       100249     32768.00
       1.188     0.999973       100249     36408.89
       1.188     0.999976       100249     40960.00
       1.188     0.999979       100249     46811.43
       1.196     0.999982       100250     54613.33
       1.196     0.999985       100250     65536.00
       1.196     0.999986       100250     72817.78
       1.196     0.999988       100250     81920.00
       1.196     0.999989       100250     93622.86
       1.201     0.999991       100251    109226.67
       1.201     1.000000       100251          inf
#[Mean    =        0.625, StdDeviation   =        0.289]
#[Max     =        1.201, Total count    =       100251]
#[Buckets =           27, SubBuckets     =         2048]
----------------------------------------------------------
  100251 requests in 2.01s, 7.84MB read
  Non-2xx or 3xx responses: 100251
Requests/sec:  49990.63
Transfer/sec:      3.91MB
